Using pre-set license
Built from '2020.3/staging' branch; Version is '2020.3.0f1 (c7b5465681fb) revision 13088070'; Using compiler version '192528614'; Build Type 'Release'
OS: 'Windows 10 Pro; OS build 19041.985; Version 2004; 64bit' Language: 'ru' Physical Memory: 16322 MB
BatchMode: 1, IsHumanControllingUs: 0, StartBugReporterOnCrash: 0, Is64bit: 1, IsPro: 0

 COMMAND LINE ARGUMENTS:
E:\Creation\Unity\2020.3.0f1\Editor\Unity.exe
-adb2
-batchMode
-noUpm
-name
AssetImportWorker0
-projectPath
C:/Users/nohri/Desktop/DashRoguelike/DashRouge
-logFile
Logs/AssetImportWorker0.log
-srvPort
51204
Successfully changed project path to: C:/Users/nohri/Desktop/DashRoguelike/DashRouge
C:/Users/nohri/Desktop/DashRoguelike/DashRouge
Using Asset Import Pipeline V2.
Refreshing native plugins compatible for Editor in 31.50 ms, found 0 plugins.
Preloading 0 native plugins for Editor in 0.00 ms.
Initialize engine version: 2020.3.0f1 (c7b5465681fb)
[Subsystems] Discovering subsystems at path E:/Creation/Unity/2020.3.0f1/Editor/Data/Resources/UnitySubsystems
[Subsystems] Discovering subsystems at path C:/Users/nohri/Desktop/DashRoguelike/DashRouge/Assets
GfxDevice: creating device client; threaded=0
Direct3D:
    Version:  Direct3D 11.0 [level 11.1]
    Renderer: NVIDIA GeForce GTX 1660 SUPER (ID=0x21c4)
    Vendor:   
    VRAM:     5991 MB
    Driver:   27.21.14.6192
Initialize mono
Mono path[0] = 'E:/Creation/Unity/2020.3.0f1/Editor/Data/Managed'
Mono path[1] = 'E:/Creation/Unity/2020.3.0f1/Editor/Data/MonoBleedingEdge/lib/mono/unityjit'
Mono config path = 'E:/Creation/Unity/2020.3.0f1/Editor/Data/MonoBleedingEdge/etc'
Using monoOptions --debugger-agent=transport=dt_socket,embedding=1,server=y,suspend=n,address=127.0.0.1:56900
Begin MonoManager ReloadAssembly
Registering precompiled unity dll's ...
Register platform support module: E:/Creation/Unity/2020.3.0f1/Editor/Data/PlaybackEngines/WindowsStandaloneSupport/UnityEditor.WindowsStandalone.Extensions.dll
Registered in 0.001371 seconds.
Native extension for WindowsStandalone target not found
Refreshing native plugins compatible for Editor in 37.86 ms, found 0 plugins.
Preloading 0 native plugins for Editor in 0.00 ms.
Invoked RoslynAnalysisRunner static constructor.
RoslynAnalysisRunner will not be running.
RoslynAnalysisRunner has terminated.
Mono: successfully reloaded assembly
- Completed reload, in  2.142 seconds
Platform modules already initialized, skipping
Registering precompiled user dll's ...
Registered in 0.000851 seconds.
Begin MonoManager ReloadAssembly
Native extension for WindowsStandalone target not found
Refreshing native plugins compatible for Editor in 0.20 ms, found 0 plugins.
Preloading 0 native plugins for Editor in 0.00 ms.
Invoked RoslynAnalysisRunner static constructor.
RoslynAnalysisRunner will not be running.
RoslynAnalysisRunner has terminated.
Mono: successfully reloaded assembly
- Completed reload, in  1.052 seconds
Platform modules already initialized, skipping
========================================================================
Worker process is ready to serve import requests
Launched and connected shader compiler UnityShaderCompiler.exe after 0.07 seconds
Refreshing native plugins compatible for Editor in 0.19 ms, found 0 plugins.
Preloading 0 native plugins for Editor in 0.00 ms.
Unloading 1144 Unused Serialized files (Serialized files now loaded: 0)
System memory in use before: 58.7 MB.
System memory in use after: 58.7 MB.

Unloading 10 unused Assets to reduce memory usage. Loaded Objects now: 1589.
Total: 1.666000 ms (FindLiveObjects: 0.128100 ms CreateObjectMapping: 0.043600 ms MarkObjects: 1.392800 ms  DeleteObjects: 0.100500 ms)

========================================================================
Received Import Request.
  path: Assets/Prefabs/Enemy.prefab
  artifactKey: Guid(6cfbf5941de1bb5488834b49522ccb80) Importer(815301076,1909f56bfc062723c751e8b465ee728b)
Start importing Assets/Prefabs/Enemy.prefab using Guid(6cfbf5941de1bb5488834b49522ccb80) Importer(815301076,1909f56bfc062723c751e8b465ee728b)  -> (artifact id: '2ad8df45b7863e7208ba00c572ddd985') in 0.152713 seconds
  Import took 0.155209 seconds .

========================================================================
Received Import Request.
  Time since last request: 0.000340 seconds.
  path: Assets/Prefabs/Bullet.prefab
  artifactKey: Guid(7ffc2e21f57aae44ca0b8654ea9deef4) Importer(815301076,1909f56bfc062723c751e8b465ee728b)
Start importing Assets/Prefabs/Bullet.prefab using Guid(7ffc2e21f57aae44ca0b8654ea9deef4) Importer(815301076,1909f56bfc062723c751e8b465ee728b)  -> (artifact id: 'cbc1b377c848c9c5cebcdcb1e7507347') in 0.025742 seconds
  Import took 0.028019 seconds .

========================================================================
Received Import Request.
  Time since last request: 0.000406 seconds.
  path: Assets/Prefabs/RangedEnemy.prefab
  artifactKey: Guid(3fd72702c64a5ec42bfd28a231415a2a) Importer(815301076,1909f56bfc062723c751e8b465ee728b)
Start importing Assets/Prefabs/RangedEnemy.prefab using Guid(3fd72702c64a5ec42bfd28a231415a2a) Importer(815301076,1909f56bfc062723c751e8b465ee728b)  -> (artifact id: 'a2885266e99754d5ee9b820454551295') in 0.028444 seconds
  Import took 0.030546 seconds .

========================================================================
Received Import Request.
  Time since last request: 0.000216 seconds.
  path: Assets/Prefabs/Bullet.prefab
  artifactKey: Guid(7ffc2e21f57aae44ca0b8654ea9deef4) Importer(815301076,1909f56bfc062723c751e8b465ee728b)
Start importing Assets/Prefabs/Bullet.prefab using Guid(7ffc2e21f57aae44ca0b8654ea9deef4) Importer(815301076,1909f56bfc062723c751e8b465ee728b)  -> (artifact id: 'cbc1b377c848c9c5cebcdcb1e7507347') in 0.017600 seconds
  Import took 0.020580 seconds .

========================================================================
Received Import Request.
  Time since last request: 89.332903 seconds.
  path: Assets/Scripst/enemyScript.cs
  artifactKey: Guid(e582e3ef3496a624da402fee9b2597d1) Importer(815301076,1909f56bfc062723c751e8b465ee728b)
Start importing Assets/Scripst/enemyScript.cs using Guid(e582e3ef3496a624da402fee9b2597d1) Importer(815301076,1909f56bfc062723c751e8b465ee728b)  -> (artifact id: '18ebfef2c93de4b2ebdd2be68a5898b7') in 0.015280 seconds
  Import took 0.017541 seconds .

========================================================================
Received Import Request.
  Time since last request: 0.016542 seconds.
  path: Assets/Scripst/enemyScript.cs
  artifactKey: Guid(e582e3ef3496a624da402fee9b2597d1) Importer(815301076,1909f56bfc062723c751e8b465ee728b)
Start importing Assets/Scripst/enemyScript.cs using Guid(e582e3ef3496a624da402fee9b2597d1) Importer(815301076,1909f56bfc062723c751e8b465ee728b)  -> (artifact id: '18ebfef2c93de4b2ebdd2be68a5898b7') in 0.012421 seconds
  Import took 0.015090 seconds .

========================================================================
Received Import Request.
  Time since last request: 213.933357 seconds.
  path: Assets/Scripst/enemyScript.cs
  artifactKey: Guid(e582e3ef3496a624da402fee9b2597d1) Importer(815301076,1909f56bfc062723c751e8b465ee728b)
Start importing Assets/Scripst/enemyScript.cs using Guid(e582e3ef3496a624da402fee9b2597d1) Importer(815301076,1909f56bfc062723c751e8b465ee728b)  -> (artifact id: '1d307d3896e890c59a8aa9083e25218e') in 0.022264 seconds
  Import took 0.024320 seconds .

========================================================================
Received Import Request.
  Time since last request: 0.079685 seconds.
  path: Assets/Scripst/enemyScript.cs
  artifactKey: Guid(e582e3ef3496a624da402fee9b2597d1) Importer(815301076,1909f56bfc062723c751e8b465ee728b)
Start importing Assets/Scripst/enemyScript.cs using Guid(e582e3ef3496a624da402fee9b2597d1) Importer(815301076,1909f56bfc062723c751e8b465ee728b)  -> (artifact id: '1d307d3896e890c59a8aa9083e25218e') in 0.039142 seconds
  Import took 0.042721 seconds .

========================================================================
Received Prepare
Registering precompiled user dll's ...
Registered in 0.000909 seconds.
Begin MonoManager ReloadAssembly
Native extension for WindowsStandalone target not found
Refreshing native plugins compatible for Editor in 0.25 ms, found 0 plugins.
Preloading 0 native plugins for Editor in 0.00 ms.
Invoked RoslynAnalysisRunner static constructor.
RoslynAnalysisRunner will not be running.
RoslynAnalysisRunner has terminated.
Mono: successfully reloaded assembly
- Completed reload, in  1.522 seconds
Platform modules already initialized, skipping
Switching build target platform(5) subTarget(0) extendedPlatform(0) -> platform(13) subTarget(537395200) extendedPlatform(0)
Refreshing native plugins compatible for Editor in 0.20 ms, found 0 plugins.
Preloading 0 native plugins for Editor in 0.00 ms.
Unloading 1142 Unused Serialized files (Serialized files now loaded: 0)
System memory in use before: 61.6 MB.
System memory in use after: 61.6 MB.

Unloading 6 unused Assets to reduce memory usage. Loaded Objects now: 1601.
Total: 1.515300 ms (FindLiveObjects: 0.121200 ms CreateObjectMapping: 0.034600 ms MarkObjects: 1.307000 ms  DeleteObjects: 0.051600 ms)

AssetImportParameters requested are different than current active one (requested -> active):
  custom:graphics/normal-map-encoding: 01000000000000000000000000000000 -> 02000000000000000000000000000000
========================================================================
Received Import Request.
  Time since last request: 9.904938 seconds.
  path: Assets/Prefabs/SpiderModel
  artifactKey: Guid(6bb17d580551b3b4ca4b0a98f3d55488) Importer(815301076,1909f56bfc062723c751e8b465ee728b)
Start importing Assets/Prefabs/SpiderModel using Guid(6bb17d580551b3b4ca4b0a98f3d55488) Importer(815301076,1909f56bfc062723c751e8b465ee728b)  -> (artifact id: '2891dbb36453cac94c212b9dea9fdf6c') in 0.010025 seconds
  Import took 0.012307 seconds .

========================================================================
Received Import Request.
  Time since last request: 0.037858 seconds.
  path: Assets/Prefabs/SpiderModel/Material.mat
  artifactKey: Guid(2a53c729b7788644ebc6f06e960ce6f8) Importer(815301076,1909f56bfc062723c751e8b465ee728b)
Start importing Assets/Prefabs/SpiderModel/Material.mat using Guid(2a53c729b7788644ebc6f06e960ce6f8) Importer(815301076,1909f56bfc062723c751e8b465ee728b)  -> (artifact id: 'c23c6f631e0b70d0ce400103be57221e') in 0.103436 seconds
  Import took 0.106037 seconds .

========================================================================
Received Import Request.
  Time since last request: 0.000248 seconds.
  path: Assets/Prefabs/SpiderModel/павук3.fbx
  artifactKey: Guid(a47b6c10d05e08d46b81c91e2403cdb3) Importer(815301076,1909f56bfc062723c751e8b465ee728b)
Start importing Assets/Prefabs/SpiderModel/павук3.fbx using Guid(a47b6c10d05e08d46b81c91e2403cdb3) Importer(815301076,1909f56bfc062723c751e8b465ee728b)  -> (artifact id: '3ea0877a88781fd92e0067abfdd08a13') in 0.257764 seconds
  Import took 0.259898 seconds .

========================================================================
Received Import Request.
  Time since last request: 0.000308 seconds.
  path: Assets/Prefabs/SpiderModel/prefabSpyder.prefab
  artifactKey: Guid(de0ff6b2dd5a9f74c95f45bd03ac9fbc) Importer(815301076,1909f56bfc062723c751e8b465ee728b)
Start importing Assets/Prefabs/SpiderModel/prefabSpyder.prefab using Guid(de0ff6b2dd5a9f74c95f45bd03ac9fbc) Importer(815301076,1909f56bfc062723c751e8b465ee728b)  -> (artifact id: 'b8e914291841b74d86d18c8b127c2ea2') in 0.049150 seconds
  Import took 0.052117 seconds .

========================================================================
Received Import Request.
  Time since last request: 0.000240 seconds.
  path: Assets/Prefabs/SpiderModel/spider.png
  artifactKey: Guid(8f33bf1e20f5a1647bea37244aca2024) Importer(815301076,1909f56bfc062723c751e8b465ee728b)
Start importing Assets/Prefabs/SpiderModel/spider.png using Guid(8f33bf1e20f5a1647bea37244aca2024) Importer(815301076,1909f56bfc062723c751e8b465ee728b)  -> (artifact id: 'e7bf352763c246ca3f3bb9f33614c904') in 0.119872 seconds
  Import took 0.122001 seconds .

========================================================================
Received Import Request.
  Time since last request: 39.061893 seconds.
  path: Assets/Scripst/RangedEnemy.cs
  artifactKey: Guid(ad39c143f8857d346ac78da79e11609f) Importer(815301076,1909f56bfc062723c751e8b465ee728b)
Start importing Assets/Scripst/RangedEnemy.cs using Guid(ad39c143f8857d346ac78da79e11609f) Importer(815301076,1909f56bfc062723c751e8b465ee728b)  -> (artifact id: '4bb8f6e4fcda6f57f54066c18c67acbc') in 0.007514 seconds
  Import took 0.009821 seconds .

========================================================================
Received Import Request.
  Time since last request: 0.027633 seconds.
  path: Assets/Scripst/RangedEnemy.cs
  artifactKey: Guid(ad39c143f8857d346ac78da79e11609f) Importer(815301076,1909f56bfc062723c751e8b465ee728b)
Start importing Assets/Scripst/RangedEnemy.cs using Guid(ad39c143f8857d346ac78da79e11609f) Importer(815301076,1909f56bfc062723c751e8b465ee728b)  -> (artifact id: '4bb8f6e4fcda6f57f54066c18c67acbc') in 0.009828 seconds
  Import took 0.012345 seconds .

========================================================================
Received Import Request.
  Time since last request: 5.532098 seconds.
  path: Assets/Scripst/EnemySpawnGenerator.cs
  artifactKey: Guid(bcafb920f0171db4f80d6cc6722dd13b) Importer(815301076,1909f56bfc062723c751e8b465ee728b)
Start importing Assets/Scripst/EnemySpawnGenerator.cs using Guid(bcafb920f0171db4f80d6cc6722dd13b) Importer(815301076,1909f56bfc062723c751e8b465ee728b)  -> (artifact id: '7945155c9a1c9ab53f93faa706a480c5') in 0.007521 seconds
  Import took 0.011207 seconds .

========================================================================
Received Import Request.
  Time since last request: 2.546692 seconds.
  path: Assets/Scripst/CameraFollow.cs
  artifactKey: Guid(f203b86fb69feed409afc5113f0f1bc4) Importer(815301076,1909f56bfc062723c751e8b465ee728b)
Start importing Assets/Scripst/CameraFollow.cs using Guid(f203b86fb69feed409afc5113f0f1bc4) Importer(815301076,1909f56bfc062723c751e8b465ee728b)  -> (artifact id: '41202105c5dc56a3d1ce0bf50f53b0a9') in 0.013539 seconds
  Import took 0.018031 seconds .

========================================================================
Received Import Request.
  Time since last request: 1.305712 seconds.
  path: Assets/Scripst/Bullet.cs
  artifactKey: Guid(e891e06a16f687348ad9321c8ad1eb54) Importer(815301076,1909f56bfc062723c751e8b465ee728b)
Start importing Assets/Scripst/Bullet.cs using Guid(e891e06a16f687348ad9321c8ad1eb54) Importer(815301076,1909f56bfc062723c751e8b465ee728b)  -> (artifact id: '510dfc5afbee4dbb26f2ba983775aef9') in 0.007822 seconds
  Import took 0.011924 seconds .

========================================================================
Received Import Request.
  Time since last request: 0.664415 seconds.
  path: Assets/Scripst/DashMove.cs
  artifactKey: Guid(ff9c8d4f7be7aa24593fbe0abd5453d4) Importer(815301076,1909f56bfc062723c751e8b465ee728b)
Start importing Assets/Scripst/DashMove.cs using Guid(ff9c8d4f7be7aa24593fbe0abd5453d4) Importer(815301076,1909f56bfc062723c751e8b465ee728b)  -> (artifact id: 'c20486831f2955f86e4bf1b3141e181d') in 0.008860 seconds
  Import took 0.011672 seconds .

========================================================================
Received Prepare
Registering precompiled user dll's ...
Registered in 0.001678 seconds.
Begin MonoManager ReloadAssembly
Native extension for WindowsStandalone target not found
Refreshing native plugins compatible for Editor in 0.26 ms, found 0 plugins.
Preloading 0 native plugins for Editor in 0.00 ms.
Invoked RoslynAnalysisRunner static constructor.
RoslynAnalysisRunner will not be running.
RoslynAnalysisRunner has terminated.
Mono: successfully reloaded assembly
- Completed reload, in  3.737 seconds
Platform modules already initialized, skipping
Switching build target platform(5) subTarget(0) extendedPlatform(0) -> platform(13) subTarget(537395200) extendedPlatform(0)
Refreshing native plugins compatible for Editor in 0.23 ms, found 0 plugins.
Preloading 0 native plugins for Editor in 0.00 ms.
Unloading 1142 Unused Serialized files (Serialized files now loaded: 0)
System memory in use before: 76.0 MB.
System memory in use after: 76.1 MB.

Unloading 5 unused Assets to reduce memory usage. Loaded Objects now: 1643.
Total: 1.534600 ms (FindLiveObjects: 0.140200 ms CreateObjectMapping: 0.039400 ms MarkObjects: 1.302600 ms  DeleteObjects: 0.051600 ms)

AssetImportParameters requested are different than current active one (requested -> active):
  custom:graphics/normal-map-encoding: 01000000000000000000000000000000 -> 02000000000000000000000000000000
========================================================================
Received Import Request.
  Time since last request: 85.669789 seconds.
  path: Assets/Prefabs/RangedEnemy.prefab
  artifactKey: Guid(3fd72702c64a5ec42bfd28a231415a2a) Importer(815301076,1909f56bfc062723c751e8b465ee728b)
Start importing Assets/Prefabs/RangedEnemy.prefab using Guid(3fd72702c64a5ec42bfd28a231415a2a) Importer(815301076,1909f56bfc062723c751e8b465ee728b)  -> (artifact id: 'dd3990df251f5fcb1b41857d32393aab') in 0.078414 seconds
  Import took 0.081570 seconds .

========================================================================
Received Import Request.
  Time since last request: 16.827910 seconds.
  path: Assets/Prefabs/RangedEnemy.prefab
  artifactKey: Guid(3fd72702c64a5ec42bfd28a231415a2a) Importer(815301076,1909f56bfc062723c751e8b465ee728b)
Start importing Assets/Prefabs/RangedEnemy.prefab using Guid(3fd72702c64a5ec42bfd28a231415a2a) Importer(815301076,1909f56bfc062723c751e8b465ee728b)  -> (artifact id: '0e6b543399ffb4283f21b47ceaf97059') in 0.040445 seconds
  Import took 0.043824 seconds .

========================================================================
Received Prepare
Registering precompiled user dll's ...
Registered in 0.000811 seconds.
Begin MonoManager ReloadAssembly
Native extension for WindowsStandalone target not found
Refreshing native plugins compatible for Editor in 0.20 ms, found 0 plugins.
Preloading 0 native plugins for Editor in 0.00 ms.
Invoked RoslynAnalysisRunner static constructor.
RoslynAnalysisRunner will not be running.
RoslynAnalysisRunner has terminated.
Mono: successfully reloaded assembly
- Completed reload, in  0.846 seconds
Platform modules already initialized, skipping
Switching build target platform(5) subTarget(0) extendedPlatform(0) -> platform(13) subTarget(537395200) extendedPlatform(0)
Refreshing native plugins compatible for Editor in 0.20 ms, found 0 plugins.
Preloading 0 native plugins for Editor in 0.00 ms.
Unloading 1142 Unused Serialized files (Serialized files now loaded: 0)
System memory in use before: 76.0 MB.
System memory in use after: 76.1 MB.

Unloading 6 unused Assets to reduce memory usage. Loaded Objects now: 1647.
Total: 5.176200 ms (FindLiveObjects: 0.264700 ms CreateObjectMapping: 0.108200 ms MarkObjects: 4.739200 ms  DeleteObjects: 0.062600 ms)

AssetImportParameters requested are different than current active one (requested -> active):
  custom:graphics/normal-map-encoding: 01000000000000000000000000000000 -> 02000000000000000000000000000000
========================================================================
Received Prepare
Registering precompiled user dll's ...
Registered in 0.001047 seconds.
Begin MonoManager ReloadAssembly
Native extension for WindowsStandalone target not found
Refreshing native plugins compatible for Editor in 0.19 ms, found 0 plugins.
Preloading 0 native plugins for Editor in 0.00 ms.
Invoked RoslynAnalysisRunner static constructor.
RoslynAnalysisRunner will not be running.
RoslynAnalysisRunner has terminated.
Mono: successfully reloaded assembly
- Completed reload, in  0.888 seconds
Platform modules already initialized, skipping
Switching build target platform(5) subTarget(0) extendedPlatform(0) -> platform(13) subTarget(537395200) extendedPlatform(0)
Refreshing native plugins compatible for Editor in 0.20 ms, found 0 plugins.
Preloading 0 native plugins for Editor in 0.00 ms.
Unloading 1142 Unused Serialized files (Serialized files now loaded: 0)
System memory in use before: 76.0 MB.
System memory in use after: 76.1 MB.

Unloading 5 unused Assets to reduce memory usage. Loaded Objects now: 1650.
Total: 1.573100 ms (FindLiveObjects: 0.132100 ms CreateObjectMapping: 0.037600 ms MarkObjects: 1.350700 ms  DeleteObjects: 0.051100 ms)

AssetImportParameters requested are different than current active one (requested -> active):
  custom:graphics/normal-map-encoding: 01000000000000000000000000000000 -> 02000000000000000000000000000000
========================================================================
Received Import Request.
  Time since last request: 567.096002 seconds.
  path: Assets/Prefabs/ф/New Material.mat
  artifactKey: Guid(94b5f9108cc20294193adbb99af0855a) Importer(815301076,1909f56bfc062723c751e8b465ee728b)
Start importing Assets/Prefabs/ф/New Material.mat using Guid(94b5f9108cc20294193adbb99af0855a) Importer(815301076,1909f56bfc062723c751e8b465ee728b)  -> (artifact id: '777cb758280c51ce5deed17f6c19f466') in 0.076894 seconds
  Import took 0.081122 seconds .

========================================================================
Received Import Request.
  Time since last request: 0.000300 seconds.
  path: Assets/Prefabs/ф/посостj.fbx
  artifactKey: Guid(eda5cb081547ffd44bf58c613d3ea591) Importer(815301076,1909f56bfc062723c751e8b465ee728b)
Start importing Assets/Prefabs/ф/посостj.fbx using Guid(eda5cb081547ffd44bf58c613d3ea591) Importer(815301076,1909f56bfc062723c751e8b465ee728b)  -> (artifact id: 'f0fcb97e37863c13e528038bc35df452') in 0.084170 seconds
  Import took 0.087027 seconds .

========================================================================
Received Import Request.
  Time since last request: 28.880163 seconds.
  path: Assets/Prefabs/SpiderModel/павук1.fbx
  artifactKey: Guid(b3d0077daafe83b4aafca319f3c06d7b) Importer(815301076,1909f56bfc062723c751e8b465ee728b)
Start importing Assets/Prefabs/SpiderModel/павук1.fbx using Guid(b3d0077daafe83b4aafca319f3c06d7b) Importer(815301076,1909f56bfc062723c751e8b465ee728b)  -> (artifact id: 'b0aac7a9d2a87988f786de52d313dbaf') in 0.057950 seconds
  Import took 0.060575 seconds .

========================================================================
Received Import Request.
  Time since last request: 38.150815 seconds.
  path: Assets/Prefabs
  artifactKey: Guid(a583fc7cade3fd34d95e80c0906ab7ec) Importer(815301076,1909f56bfc062723c751e8b465ee728b)
Start importing Assets/Prefabs using Guid(a583fc7cade3fd34d95e80c0906ab7ec) Importer(815301076,1909f56bfc062723c751e8b465ee728b)  -> (artifact id: 'f55ae2b994eaad7420aeec27b7ce41d5') in 0.017641 seconds
  Import took 0.021701 seconds .

========================================================================
Received Import Request.
  Time since last request: 50.925374 seconds.
  path: Assets/Prefabs/green.png
  artifactKey: Guid(870376ce71e31f343bba0422f766c509) Importer(815301076,1909f56bfc062723c751e8b465ee728b)
Start importing Assets/Prefabs/green.png using Guid(870376ce71e31f343bba0422f766c509) Importer(815301076,1909f56bfc062723c751e8b465ee728b)  -> (artifact id: 'd64bf03cc1dc4dda5c6b3a92e4e72b61') in 0.120781 seconds
  Import took 0.125883 seconds .

========================================================================
Received Import Request.
  Time since last request: 89.121574 seconds.
  path: Assets/Prefabs/павук1.fbx
  artifactKey: Guid(b3d0077daafe83b4aafca319f3c06d7b) Importer(815301076,1909f56bfc062723c751e8b465ee728b)
Start importing Assets/Prefabs/павук1.fbx using Guid(b3d0077daafe83b4aafca319f3c06d7b) Importer(815301076,1909f56bfc062723c751e8b465ee728b)  -> (artifact id: '1249149222e7ccc335e62df7d981d63f') in 0.083861 seconds
  Import took 0.086813 seconds .

========================================================================
Received Import Request.
  Time since last request: 130.624745 seconds.
  path: Assets/Prefabs/RangedEnemy.prefab
  artifactKey: Guid(3fd72702c64a5ec42bfd28a231415a2a) Importer(815301076,1909f56bfc062723c751e8b465ee728b)
Start importing Assets/Prefabs/RangedEnemy.prefab using Guid(3fd72702c64a5ec42bfd28a231415a2a) Importer(815301076,1909f56bfc062723c751e8b465ee728b)  -> (artifact id: '18025d53366f843c659441e8710e80fa') in 0.040266 seconds
  Import took 0.068039 seconds .

========================================================================
Received Import Request.
  Time since last request: 33.112754 seconds.
  path: Assets/Prefabs/RangedEnemy.prefab
  artifactKey: Guid(3fd72702c64a5ec42bfd28a231415a2a) Importer(815301076,1909f56bfc062723c751e8b465ee728b)
Start importing Assets/Prefabs/RangedEnemy.prefab using Guid(3fd72702c64a5ec42bfd28a231415a2a) Importer(815301076,1909f56bfc062723c751e8b465ee728b)  -> (artifact id: '272b0624c0521b1e8d7a7628d72d5636') in 0.052882 seconds
  Import took 0.055345 seconds .

========================================================================
Received Prepare
Registering precompiled user dll's ...
Registered in 0.001154 seconds.
Begin MonoManager ReloadAssembly
Native extension for WindowsStandalone target not found
Refreshing native plugins compatible for Editor in 0.23 ms, found 0 plugins.
Preloading 0 native plugins for Editor in 0.00 ms.
Invoked RoslynAnalysisRunner static constructor.
RoslynAnalysisRunner will not be running.
RoslynAnalysisRunner has terminated.
Mono: successfully reloaded assembly
- Completed reload, in  1.369 seconds
Platform modules already initialized, skipping
Switching build target platform(5) subTarget(0) extendedPlatform(0) -> platform(13) subTarget(537395200) extendedPlatform(0)
Refreshing native plugins compatible for Editor in 0.25 ms, found 0 plugins.
Preloading 0 native plugins for Editor in 0.00 ms.
Unloading 1142 Unused Serialized files (Serialized files now loaded: 0)
System memory in use before: 76.1 MB.
System memory in use after: 76.2 MB.

Unloading 6 unused Assets to reduce memory usage. Loaded Objects now: 1654.
Total: 1.554700 ms (FindLiveObjects: 0.145900 ms CreateObjectMapping: 0.039700 ms MarkObjects: 1.298300 ms  DeleteObjects: 0.068900 ms)

AssetImportParameters requested are different than current active one (requested -> active):
  custom:graphics/normal-map-encoding: 01000000000000000000000000000000 -> 02000000000000000000000000000000
========================================================================
Received Import Request.
  Time since last request: 396.327273 seconds.
  path: Assets/Prefabs/Spyder.prefab
  artifactKey: Guid(de0ff6b2dd5a9f74c95f45bd03ac9fbc) Importer(815301076,1909f56bfc062723c751e8b465ee728b)
Start importing Assets/Prefabs/Spyder.prefab using Guid(de0ff6b2dd5a9f74c95f45bd03ac9fbc) Importer(815301076,1909f56bfc062723c751e8b465ee728b)  -> (artifact id: '6d22f6e3b1f8be6b2fa8baec71b00f1e') in 0.132884 seconds
  Import took 0.135652 seconds .

========================================================================
Received Import Request.
  Time since last request: 10.794085 seconds.
  path: Assets/Prefabs/RangedSpyder.prefab
  artifactKey: Guid(ff7c69ff2b80e7f468953db93ebc40ad) Importer(815301076,1909f56bfc062723c751e8b465ee728b)
Start importing Assets/Prefabs/RangedSpyder.prefab using Guid(ff7c69ff2b80e7f468953db93ebc40ad) Importer(815301076,1909f56bfc062723c751e8b465ee728b)  -> (artifact id: 'c4d6f03e580da74223172337fb28b334') in 0.073276 seconds
  Import took 0.076948 seconds .

========================================================================
Received Prepare
Registering precompiled user dll's ...
Registered in 0.000808 seconds.
Begin MonoManager ReloadAssembly
Native extension for WindowsStandalone target not found
Refreshing native plugins compatible for Editor in 0.32 ms, found 0 plugins.
Preloading 0 native plugins for Editor in 0.00 ms.
Invoked RoslynAnalysisRunner static constructor.
RoslynAnalysisRunner will not be running.
RoslynAnalysisRunner has terminated.
Mono: successfully reloaded assembly
- Completed reload, in  0.977 seconds
Platform modules already initialized, skipping
Switching build target platform(5) subTarget(0) extendedPlatform(0) -> platform(13) subTarget(537395200) extendedPlatform(0)
Refreshing native plugins compatible for Editor in 0.21 ms, found 0 plugins.
Preloading 0 native plugins for Editor in 0.00 ms.
Unloading 1142 Unused Serialized files (Serialized files now loaded: 0)
System memory in use before: 76.1 MB.
System memory in use after: 76.2 MB.

Unloading 5 unused Assets to reduce memory usage. Loaded Objects now: 1658.
Total: 1.655900 ms (FindLiveObjects: 0.121000 ms CreateObjectMapping: 0.033400 ms MarkObjects: 1.416700 ms  DeleteObjects: 0.084000 ms)

AssetImportParameters requested are different than current active one (requested -> active):
  custom:graphics/normal-map-encoding: 01000000000000000000000000000000 -> 02000000000000000000000000000000
========================================================================
Received Import Request.
  Time since last request: 255.117802 seconds.
  path: Assets/Materials/flor.png
  artifactKey: Guid(ad2eb580737e7124cb8f2fb619d3b62f) Importer(815301076,1909f56bfc062723c751e8b465ee728b)
Start importing Assets/Materials/flor.png using Guid(ad2eb580737e7124cb8f2fb619d3b62f) Importer(815301076,1909f56bfc062723c751e8b465ee728b)  -> (artifact id: '4c8059b40adc8bc1f1ae518c9521925c') in 0.070412 seconds
  Import took 0.073976 seconds .

========================================================================
Received Import Request.
  Time since last request: 47.729408 seconds.
  path: Assets/Materials/flor.png
  artifactKey: Guid(ad2eb580737e7124cb8f2fb619d3b62f) Importer(815301076,1909f56bfc062723c751e8b465ee728b)
Start importing Assets/Materials/flor.png using Guid(ad2eb580737e7124cb8f2fb619d3b62f) Importer(815301076,1909f56bfc062723c751e8b465ee728b)  -> (artifact id: '6e597d46db97a83456f0b0e9f2b31089') in 0.075348 seconds
  Import took 0.079071 seconds .

========================================================================
Received Import Request.
  Time since last request: 14.389459 seconds.
  path: Assets/Materials/flor.png
  artifactKey: Guid(ad2eb580737e7124cb8f2fb619d3b62f) Importer(815301076,1909f56bfc062723c751e8b465ee728b)
Start importing Assets/Materials/flor.png using Guid(ad2eb580737e7124cb8f2fb619d3b62f) Importer(815301076,1909f56bfc062723c751e8b465ee728b)  -> (artifact id: '63e0ff3ce0ce37eb9344929a92940a14') in 0.016961 seconds
  Import took 0.019270 seconds .

AssetImportWorkerClient::OnTransportError - code=2 error=End of file
