Using pre-set license
Built from '2020.3/staging' branch; Version is '2020.3.0f1 (c7b5465681fb) revision 13088070'; Using compiler version '192528614'; Build Type 'Release'
OS: 'Windows 10 Education; OS build 18363.1379; Version 1909; 64bit' Language: 'ru' Physical Memory: 8122 MB
BatchMode: 1, IsHumanControllingUs: 0, StartBugReporterOnCrash: 0, Is64bit: 1, IsPro: 0

 COMMAND LINE ARGUMENTS:
A:\Unity 3d\2020.3.0f1\Editor\Unity.exe
-adb2
-batchMode
-noUpm
-name
AssetImportWorker0
-projectPath
A:/проект рогалик/DashRoguelike/DashRouge
-logFile
Logs/AssetImportWorker0.log
-srvPort
55232
Successfully changed project path to: A:/проект рогалик/DashRoguelike/DashRouge
A:/проект рогалик/DashRoguelike/DashRouge
Using Asset Import Pipeline V2.
Refreshing native plugins compatible for Editor in 27.47 ms, found 0 plugins.
Preloading 0 native plugins for Editor in 0.00 ms.
Initialize engine version: 2020.3.0f1 (c7b5465681fb)
[Subsystems] Discovering subsystems at path A:/Unity 3d/2020.3.0f1/Editor/Data/Resources/UnitySubsystems
[Subsystems] Discovering subsystems at path A:/проект рогалик/DashRoguelike/DashRouge/Assets
GfxDevice: creating device client; threaded=0
Direct3D:
    Version:  Direct3D 11.0 [level 11.1]
    Renderer: NVIDIA GeForce GTX 1060 6GB (ID=0x1c03)
    Vendor:   
    VRAM:     6052 MB
    Driver:   27.21.14.6192
Initialize mono
Mono path[0] = 'A:/Unity 3d/2020.3.0f1/Editor/Data/Managed'
Mono path[1] = 'A:/Unity 3d/2020.3.0f1/Editor/Data/MonoBleedingEdge/lib/mono/unityjit'
Mono config path = 'A:/Unity 3d/2020.3.0f1/Editor/Data/MonoBleedingEdge/etc'
Using monoOptions --debugger-agent=transport=dt_socket,embedding=1,server=y,suspend=n,address=127.0.0.1:56896
Begin MonoManager ReloadAssembly
Registering precompiled unity dll's ...
Register platform support module: A:/Unity 3d/2020.3.0f1/Editor/Data/PlaybackEngines/WindowsStandaloneSupport/UnityEditor.WindowsStandalone.Extensions.dll
Registered in 0.001099 seconds.
Native extension for WindowsStandalone target not found
Refreshing native plugins compatible for Editor in 23.14 ms, found 0 plugins.
Preloading 0 native plugins for Editor in 0.00 ms.
Invoked RoslynAnalysisRunner static constructor.
RoslynAnalysisRunner will not be running.
RoslynAnalysisRunner has terminated.
Mono: successfully reloaded assembly
- Completed reload, in  1.604 seconds
Platform modules already initialized, skipping
Registering precompiled user dll's ...
Registered in 0.000588 seconds.
Begin MonoManager ReloadAssembly
Native extension for WindowsStandalone target not found
Refreshing native plugins compatible for Editor in 0.42 ms, found 0 plugins.
Preloading 0 native plugins for Editor in 0.00 ms.
Invoked RoslynAnalysisRunner static constructor.
RoslynAnalysisRunner will not be running.
RoslynAnalysisRunner has terminated.
Mono: successfully reloaded assembly
- Completed reload, in  0.885 seconds
Platform modules already initialized, skipping
========================================================================
Worker process is ready to serve import requests
Launched and connected shader compiler UnityShaderCompiler.exe after 0.05 seconds
Refreshing native plugins compatible for Editor in 0.22 ms, found 0 plugins.
Preloading 0 native plugins for Editor in 0.00 ms.
Unloading 1120 Unused Serialized files (Serialized files now loaded: 0)
System memory in use before: 57.5 MB.
System memory in use after: 57.6 MB.

Unloading 10 unused Assets to reduce memory usage. Loaded Objects now: 1562.
Total: 1.957800 ms (FindLiveObjects: 0.149700 ms CreateObjectMapping: 0.028200 ms MarkObjects: 1.692800 ms  DeleteObjects: 0.086000 ms)

========================================================================
Received Import Request.
  path: Assets/Cave.mat
  artifactKey: Guid(a0ee4519a8a72ca44b96eddea2a12ed1) Importer(815301076,1909f56bfc062723c751e8b465ee728b)
Start importing Assets/Cave.mat using Guid(a0ee4519a8a72ca44b96eddea2a12ed1) Importer(815301076,1909f56bfc062723c751e8b465ee728b)  -> (artifact id: 'aa638fdb2fa35184d59280aeb9c66245') in 0.263128 seconds
  Import took 0.265501 seconds .

========================================================================
Received Import Request.
  Time since last request: 0.000282 seconds.
  path: Assets/Ground.mat
  artifactKey: Guid(262277225db9e9941a86c4c27c2a27e0) Importer(815301076,1909f56bfc062723c751e8b465ee728b)
Start importing Assets/Ground.mat using Guid(262277225db9e9941a86c4c27c2a27e0) Importer(815301076,1909f56bfc062723c751e8b465ee728b)  -> (artifact id: 'b5fdec09b5d49df3c1c2eef53aa3eb51') in 0.027895 seconds
  Import took 0.031156 seconds .

========================================================================
Received Import Request.
  Time since last request: 0.000242 seconds.
  path: Assets/Walls.mat
  artifactKey: Guid(5bd812823029081409732bc4567772c9) Importer(815301076,1909f56bfc062723c751e8b465ee728b)
Start importing Assets/Walls.mat using Guid(5bd812823029081409732bc4567772c9) Importer(815301076,1909f56bfc062723c751e8b465ee728b)  -> (artifact id: 'ee574a8bfe69a468ecf86afb93243df1') in 0.018377 seconds
  Import took 0.021249 seconds .

========================================================================
Received Prepare
Registering precompiled user dll's ...
Registered in 0.000640 seconds.
Begin MonoManager ReloadAssembly
Native extension for WindowsStandalone target not found
Refreshing native plugins compatible for Editor in 0.24 ms, found 0 plugins.
Preloading 0 native plugins for Editor in 0.00 ms.
Invoked RoslynAnalysisRunner static constructor.
RoslynAnalysisRunner will not be running.
RoslynAnalysisRunner has terminated.
Mono: successfully reloaded assembly
- Completed reload, in  0.802 seconds
Platform modules already initialized, skipping
Switching build target platform(5) subTarget(0) extendedPlatform(0) -> platform(13) subTarget(537395200) extendedPlatform(0)
Refreshing native plugins compatible for Editor in 0.30 ms, found 0 plugins.
Preloading 0 native plugins for Editor in 0.00 ms.
Unloading 1118 Unused Serialized files (Serialized files now loaded: 0)
System memory in use before: 60.7 MB.
System memory in use after: 60.7 MB.

Unloading 5 unused Assets to reduce memory usage. Loaded Objects now: 1605.
Total: 1.878400 ms (FindLiveObjects: 0.153700 ms CreateObjectMapping: 0.026700 ms MarkObjects: 1.639300 ms  DeleteObjects: 0.057200 ms)

AssetImportParameters requested are different than current active one (requested -> active):
  custom:graphics/normal-map-encoding: 01000000000000000000000000000000 -> 02000000000000000000000000000000
========================================================================
Received Prepare
Registering precompiled user dll's ...
Registered in 0.000516 seconds.
Begin MonoManager ReloadAssembly
Native extension for WindowsStandalone target not found
Refreshing native plugins compatible for Editor in 0.23 ms, found 0 plugins.
Preloading 0 native plugins for Editor in 0.00 ms.
Invoked RoslynAnalysisRunner static constructor.
RoslynAnalysisRunner will not be running.
RoslynAnalysisRunner has terminated.
Mono: successfully reloaded assembly
- Completed reload, in  0.762 seconds
Platform modules already initialized, skipping
Switching build target platform(5) subTarget(0) extendedPlatform(0) -> platform(13) subTarget(537395200) extendedPlatform(0)
Refreshing native plugins compatible for Editor in 0.23 ms, found 0 plugins.
Preloading 0 native plugins for Editor in 0.00 ms.
Unloading 1118 Unused Serialized files (Serialized files now loaded: 0)
System memory in use before: 60.7 MB.
System memory in use after: 60.8 MB.

Unloading 5 unused Assets to reduce memory usage. Loaded Objects now: 1608.
Total: 1.648400 ms (FindLiveObjects: 0.162100 ms CreateObjectMapping: 0.028900 ms MarkObjects: 1.402800 ms  DeleteObjects: 0.053600 ms)

AssetImportParameters requested are different than current active one (requested -> active):
  custom:graphics/normal-map-encoding: 01000000000000000000000000000000 -> 02000000000000000000000000000000
========================================================================
Received Import Request.
  Time since last request: 1199.153077 seconds.
  path: Assets/Scripst/DashMove.cs
  artifactKey: Guid(ff9c8d4f7be7aa24593fbe0abd5453d4) Importer(815301076,1909f56bfc062723c751e8b465ee728b)
Start importing Assets/Scripst/DashMove.cs using Guid(ff9c8d4f7be7aa24593fbe0abd5453d4) Importer(815301076,1909f56bfc062723c751e8b465ee728b)  -> (artifact id: '9b7b8ef048b63f4c9081bd58a7b1f30a') in 0.014057 seconds
  Import took 0.016635 seconds .

========================================================================
Received Import Request.
  Time since last request: 0.000442 seconds.
  path: Assets/Scripst/DashMove.cs
  artifactKey: Guid(ff9c8d4f7be7aa24593fbe0abd5453d4) Importer(815301076,1909f56bfc062723c751e8b465ee728b)
Start importing Assets/Scripst/DashMove.cs using Guid(ff9c8d4f7be7aa24593fbe0abd5453d4) Importer(815301076,1909f56bfc062723c751e8b465ee728b)  -> (artifact id: '9b7b8ef048b63f4c9081bd58a7b1f30a') in 0.002666 seconds
  Import took 0.004890 seconds .

========================================================================
Received Prepare
Registering precompiled user dll's ...
Registered in 0.000572 seconds.
Begin MonoManager ReloadAssembly
Native extension for WindowsStandalone target not found
Refreshing native plugins compatible for Editor in 0.23 ms, found 0 plugins.
Preloading 0 native plugins for Editor in 0.00 ms.
Invoked RoslynAnalysisRunner static constructor.
RoslynAnalysisRunner will not be running.
RoslynAnalysisRunner has terminated.
Mono: successfully reloaded assembly
- Completed reload, in  0.774 seconds
Platform modules already initialized, skipping
Switching build target platform(5) subTarget(0) extendedPlatform(0) -> platform(13) subTarget(537395200) extendedPlatform(0)
Refreshing native plugins compatible for Editor in 0.23 ms, found 0 plugins.
Preloading 0 native plugins for Editor in 0.00 ms.
Unloading 1118 Unused Serialized files (Serialized files now loaded: 0)
System memory in use before: 60.7 MB.
System memory in use after: 60.8 MB.

Unloading 5 unused Assets to reduce memory usage. Loaded Objects now: 1611.
Total: 1.652000 ms (FindLiveObjects: 0.167900 ms CreateObjectMapping: 0.028100 ms MarkObjects: 1.398700 ms  DeleteObjects: 0.056200 ms)

AssetImportParameters requested are different than current active one (requested -> active):
  custom:graphics/normal-map-encoding: 01000000000000000000000000000000 -> 02000000000000000000000000000000
========================================================================
Received Prepare
Registering precompiled user dll's ...
Registered in 0.000589 seconds.
Begin MonoManager ReloadAssembly
Native extension for WindowsStandalone target not found
Refreshing native plugins compatible for Editor in 0.24 ms, found 0 plugins.
Preloading 0 native plugins for Editor in 0.00 ms.
Invoked RoslynAnalysisRunner static constructor.
RoslynAnalysisRunner will not be running.
RoslynAnalysisRunner has terminated.
Mono: successfully reloaded assembly
- Completed reload, in  0.780 seconds
Platform modules already initialized, skipping
Switching build target platform(5) subTarget(0) extendedPlatform(0) -> platform(13) subTarget(537395200) extendedPlatform(0)
Refreshing native plugins compatible for Editor in 0.23 ms, found 0 plugins.
Preloading 0 native plugins for Editor in 0.00 ms.
Unloading 1118 Unused Serialized files (Serialized files now loaded: 0)
System memory in use before: 60.7 MB.
System memory in use after: 60.8 MB.

Unloading 5 unused Assets to reduce memory usage. Loaded Objects now: 1614.
Total: 1.637500 ms (FindLiveObjects: 0.155500 ms CreateObjectMapping: 0.027900 ms MarkObjects: 1.394900 ms  DeleteObjects: 0.058400 ms)

AssetImportParameters requested are different than current active one (requested -> active):
  custom:graphics/normal-map-encoding: 01000000000000000000000000000000 -> 02000000000000000000000000000000
========================================================================
Received Prepare
Registering precompiled user dll's ...
Registered in 0.000623 seconds.
Begin MonoManager ReloadAssembly
Native extension for WindowsStandalone target not found
Refreshing native plugins compatible for Editor in 0.23 ms, found 0 plugins.
Preloading 0 native plugins for Editor in 0.00 ms.
Invoked RoslynAnalysisRunner static constructor.
RoslynAnalysisRunner will not be running.
RoslynAnalysisRunner has terminated.
Mono: successfully reloaded assembly
- Completed reload, in  0.802 seconds
Platform modules already initialized, skipping
Switching build target platform(5) subTarget(0) extendedPlatform(0) -> platform(13) subTarget(537395200) extendedPlatform(0)
Refreshing native plugins compatible for Editor in 0.23 ms, found 0 plugins.
Preloading 0 native plugins for Editor in 0.00 ms.
Unloading 1118 Unused Serialized files (Serialized files now loaded: 0)
System memory in use before: 60.7 MB.
System memory in use after: 60.8 MB.

Unloading 5 unused Assets to reduce memory usage. Loaded Objects now: 1617.
Total: 1.622000 ms (FindLiveObjects: 0.143600 ms CreateObjectMapping: 0.027700 ms MarkObjects: 1.397300 ms  DeleteObjects: 0.052200 ms)

AssetImportParameters requested are different than current active one (requested -> active):
  custom:graphics/normal-map-encoding: 01000000000000000000000000000000 -> 02000000000000000000000000000000
========================================================================
Received Prepare
Registering precompiled user dll's ...
Registered in 0.000602 seconds.
Begin MonoManager ReloadAssembly
Native extension for WindowsStandalone target not found
Refreshing native plugins compatible for Editor in 0.24 ms, found 0 plugins.
Preloading 0 native plugins for Editor in 0.00 ms.
Invoked RoslynAnalysisRunner static constructor.
RoslynAnalysisRunner will not be running.
RoslynAnalysisRunner has terminated.
Mono: successfully reloaded assembly
- Completed reload, in  0.804 seconds
Platform modules already initialized, skipping
Switching build target platform(5) subTarget(0) extendedPlatform(0) -> platform(13) subTarget(537395200) extendedPlatform(0)
Refreshing native plugins compatible for Editor in 0.24 ms, found 0 plugins.
Preloading 0 native plugins for Editor in 0.00 ms.
Unloading 1118 Unused Serialized files (Serialized files now loaded: 0)
System memory in use before: 60.7 MB.
System memory in use after: 60.8 MB.

Unloading 5 unused Assets to reduce memory usage. Loaded Objects now: 1620.
Total: 1.786100 ms (FindLiveObjects: 0.187500 ms CreateObjectMapping: 0.029100 ms MarkObjects: 1.509800 ms  DeleteObjects: 0.058600 ms)

AssetImportParameters requested are different than current active one (requested -> active):
  custom:graphics/normal-map-encoding: 01000000000000000000000000000000 -> 02000000000000000000000000000000
========================================================================
Received Import Request.
  Time since last request: 403.581744 seconds.
  path: Assets/MeshGenerator.cs
  artifactKey: Guid(0f8aa0efbde5a8e4dac4ceb049741d89) Importer(815301076,1909f56bfc062723c751e8b465ee728b)
Start importing Assets/MeshGenerator.cs using Guid(0f8aa0efbde5a8e4dac4ceb049741d89) Importer(815301076,1909f56bfc062723c751e8b465ee728b)  -> (artifact id: '9c5cf82adad2276d7fb465e64d1eee0c') in 0.009481 seconds
  Import took 0.011967 seconds .

========================================================================
Received Import Request.
  Time since last request: 0.059083 seconds.
  path: Assets/MeshGenerator.cs
  artifactKey: Guid(0f8aa0efbde5a8e4dac4ceb049741d89) Importer(815301076,1909f56bfc062723c751e8b465ee728b)
Start importing Assets/MeshGenerator.cs using Guid(0f8aa0efbde5a8e4dac4ceb049741d89) Importer(815301076,1909f56bfc062723c751e8b465ee728b)  -> (artifact id: '9c5cf82adad2276d7fb465e64d1eee0c') in 0.002685 seconds
  Import took 0.005114 seconds .

========================================================================
Received Import Request.
  Time since last request: 1.342007 seconds.
  path: Assets/MapGenerator.cs
  artifactKey: Guid(d4b2ea1006e714041a49686cf9a95a39) Importer(815301076,1909f56bfc062723c751e8b465ee728b)
Start importing Assets/MapGenerator.cs using Guid(d4b2ea1006e714041a49686cf9a95a39) Importer(815301076,1909f56bfc062723c751e8b465ee728b)  -> (artifact id: '596016ef7be6d88bb0b06b97bb86519b') in 0.006606 seconds
  Import took 0.009029 seconds .

========================================================================
Received Import Request.
  Time since last request: 4.453920 seconds.
  path: Assets/CameraFollow.cs
  artifactKey: Guid(f203b86fb69feed409afc5113f0f1bc4) Importer(815301076,1909f56bfc062723c751e8b465ee728b)
Start importing Assets/CameraFollow.cs using Guid(f203b86fb69feed409afc5113f0f1bc4) Importer(815301076,1909f56bfc062723c751e8b465ee728b)  -> (artifact id: 'da810fcf94b037815a6c778c639d7d31') in 0.007398 seconds
  Import took 0.009916 seconds .

========================================================================
Received Import Request.
  Time since last request: 0.001443 seconds.
  path: Assets/CameraFollow.cs
  artifactKey: Guid(f203b86fb69feed409afc5113f0f1bc4) Importer(815301076,1909f56bfc062723c751e8b465ee728b)
Start importing Assets/CameraFollow.cs using Guid(f203b86fb69feed409afc5113f0f1bc4) Importer(815301076,1909f56bfc062723c751e8b465ee728b)  -> (artifact id: 'da810fcf94b037815a6c778c639d7d31') in 0.002937 seconds
  Import took 0.005598 seconds .

AssetImportWorkerClient::OnTransportError - code=2 error=End of file
